SF:lib\common\exception.dart
DA:6,4
DA:12,1
LF:2
LH:2
end_of_record
SF:lib\data\datasources\movie_local_data_source.dart
DA:17,1
DA:19,1
DA:22,2
DA:25,2
DA:29,1
DA:32,2
DA:35,2
DA:39,1
DA:41,2
DA:43,1
DA:49,1
DA:51,2
DA:52,4
DA:55,0
DA:57,0
DA:58,0
DA:61,0
DA:63,0
DA:64,0
DA:65,0
DA:67,0
LF:21
LH:13
end_of_record
SF:lib\data\models\movie_table.dart
DA:12,2
DA:19,2
DA:20,1
DA:21,1
DA:22,1
DA:23,1
DA:26,2
DA:27,1
DA:28,1
DA:29,1
DA:30,1
DA:33,0
DA:34,0
DA:35,0
DA:36,0
DA:37,0
DA:40,2
DA:41,1
DA:42,1
DA:43,1
DA:44,1
DA:47,2
DA:48,1
DA:49,1
DA:50,1
DA:51,1
DA:54,2
DA:55,10
LF:28
LH:23
end_of_record
SF:lib\data\models\tv\tv_table.dart
DA:11,2
DA:18,2
DA:19,1
DA:20,1
DA:21,1
DA:22,1
DA:25,0
DA:26,0
DA:27,0
DA:28,0
DA:29,0
DA:32,2
DA:33,1
DA:34,1
DA:35,1
DA:36,1
DA:38,2
DA:39,4
DA:41,2
DA:42,10
LF:20
LH:15
end_of_record
SF:lib\data\models\tv_season\episode_model.dart
DA:6,3
DA:38,0
DA:39,0
DA:41,0
DA:43,0
DA:44,0
DA:45,0
DA:46,0
DA:47,0
DA:48,0
DA:49,0
DA:50,0
DA:51,0
DA:52,0
DA:53,0
DA:54,0
DA:55,0
DA:56,0
DA:57,0
DA:60,0
DA:61,0
DA:62,0
DA:63,0
DA:64,0
DA:65,0
DA:66,0
DA:67,0
DA:68,0
DA:69,0
DA:70,0
DA:71,0
DA:72,0
DA:73,0
DA:74,0
DA:77,1
DA:78,1
DA:79,1
DA:80,1
DA:81,1
DA:82,1
DA:83,1
DA:84,1
DA:85,1
DA:86,1
DA:87,1
DA:88,1
DA:89,1
DA:90,1
DA:91,1
DA:92,1
LF:50
LH:17
end_of_record
SF:lib\domain\entities\genre.dart
DA:4,13
DA:12,2
DA:13,6
LF:3
LH:3
end_of_record
SF:lib\domain\entities\movie.dart
DA:4,8
DA:20,2
DA:41,2
DA:42,2
DA:43,2
DA:44,2
DA:45,2
DA:46,2
DA:47,2
DA:48,2
DA:49,2
DA:50,2
DA:51,2
DA:52,2
DA:53,2
DA:54,2
DA:55,2
LF:17
LH:17
end_of_record
SF:lib\domain\entities\movie_detail.dart
DA:5,6
DA:33,1
DA:34,1
DA:35,1
DA:36,1
DA:37,1
DA:38,1
DA:39,1
DA:40,1
DA:41,1
DA:42,1
DA:43,1
DA:44,1
DA:45,1
LF:14
LH:14
end_of_record
SF:lib\domain\entities\tv\season.dart
DA:4,7
DA:22,1
DA:23,1
DA:24,1
DA:25,1
DA:26,1
DA:27,1
DA:29,1
DA:30,1
LF:9
LH:9
end_of_record
SF:lib\domain\entities\tv\season_detail.dart
DA:5,3
DA:25,1
DA:26,1
DA:27,1
DA:28,1
DA:29,1
DA:30,1
DA:31,1
DA:32,1
DA:33,1
DA:34,1
LF:11
LH:11
end_of_record
SF:lib\domain\entities\tv\tv.dart
DA:4,8
DA:20,2
DA:41,2
DA:42,2
DA:43,2
DA:44,2
DA:45,2
DA:46,2
DA:47,2
DA:48,2
DA:49,2
DA:50,2
DA:51,2
DA:52,2
DA:53,2
DA:54,2
DA:55,2
LF:17
LH:17
end_of_record
SF:lib\domain\entities\tv\tv_detail.dart
DA:6,7
DA:56,1
DA:57,1
DA:58,1
DA:59,1
DA:60,1
DA:61,1
DA:62,1
DA:63,1
DA:64,1
DA:65,1
DA:66,1
DA:67,1
DA:68,1
DA:69,1
DA:70,1
DA:71,1
DA:72,1
DA:73,1
DA:74,1
DA:75,1
DA:76,1
DA:77,1
DA:78,1
DA:79,1
DA:80,1
LF:26
LH:26
end_of_record
SF:lib\common\failure.dart
DA:6,15
DA:8,2
DA:9,4
DA:13,26
DA:17,4
DA:21,14
DA:25,2
LF:7
LH:7
end_of_record
SF:lib\common\network_info.dart
DA:10,0
DA:12,0
DA:13,0
LF:3
LH:0
end_of_record
SF:lib\data\datasources\db\database_helper.dart
DA:9,0
DA:13,0
DA:17,0
DA:19,0
DA:28,0
DA:29,0
DA:30,0
DA:32,0
DA:36,0
DA:37,0
DA:44,0
DA:45,0
DA:53,0
DA:54,0
DA:61,0
DA:64,0
DA:65,0
DA:66,0
DA:69,0
DA:70,0
DA:71,0
DA:74,0
DA:78,0
DA:79,0
DA:80,0
DA:83,0
DA:86,0
DA:87,0
DA:93,0
DA:94,0
DA:95,0
DA:101,0
DA:103,0
DA:104,0
DA:105,0
DA:106,0
DA:107,0
DA:108,0
DA:113,0
DA:114,0
DA:115,0
DA:118,0
DA:123,0
DA:124,0
DA:125,0
DA:128,0
DA:133,0
DA:134,0
DA:135,0
DA:138,0
DA:139,0
DA:140,0
DA:143,0
DA:147,0
DA:148,0
DA:149,0
DA:152,0
DA:155,0
DA:158,0
DA:159,0
DA:160,0
LF:61
LH:0
end_of_record
SF:lib\data\datasources\movie_remote_data_source.dart
DA:24,1
DA:26,1
DA:29,4
DA:31,2
DA:32,4
DA:34,1
DA:38,1
DA:41,4
DA:43,2
DA:44,3
DA:46,1
DA:50,1
DA:52,1
DA:53,3
DA:55,2
DA:56,4
DA:58,1
DA:62,1
DA:65,4
DA:67,2
DA:68,4
DA:70,1
DA:74,1
DA:77,4
DA:79,2
DA:80,4
DA:82,1
DA:86,1
DA:88,1
DA:89,3
DA:91,2
DA:92,4
DA:94,1
LF:33
LH:33
end_of_record
SF:lib\data\datasources\tv_local_data_source.dart
DA:15,1
DA:17,1
DA:19,2
DA:21,1
DA:27,1
DA:29,2
DA:30,4
DA:33,1
DA:36,2
DA:39,2
DA:43,1
DA:46,2
DA:49,2
LF:13
LH:13
end_of_record
SF:lib\data\datasources\tv_remote_data_source.dart
DA:26,1
DA:28,1
DA:31,4
DA:33,2
DA:34,4
DA:36,1
DA:40,1
DA:43,4
DA:45,2
DA:46,4
DA:48,1
DA:52,1
DA:54,4
DA:56,2
DA:57,3
DA:59,1
DA:63,1
DA:65,1
DA:66,3
DA:68,2
DA:69,4
DA:71,1
DA:75,1
DA:78,4
DA:80,2
DA:81,4
DA:83,1
DA:87,1
DA:89,1
DA:90,3
DA:92,2
DA:93,4
DA:95,1
DA:99,0
DA:102,0
DA:103,0
DA:105,0
DA:106,0
DA:108,0
LF:39
LH:33
end_of_record
SF:lib\data\models\movie_detail_model.dart
DA:6,2
DA:52,1
DA:53,1
DA:54,1
DA:55,1
DA:56,1
DA:57,1
DA:58,4
DA:59,1
DA:60,1
DA:61,1
DA:62,1
DA:63,1
DA:64,1
DA:65,2
DA:66,1
DA:67,1
DA:68,1
DA:69,1
DA:70,1
DA:71,1
DA:72,1
DA:73,1
DA:74,2
DA:75,1
DA:78,0
DA:79,0
DA:80,0
DA:81,0
DA:82,0
DA:83,0
DA:84,0
DA:85,0
DA:86,0
DA:87,0
DA:88,0
DA:89,0
DA:90,0
DA:91,0
DA:92,0
DA:93,0
DA:94,0
DA:95,0
DA:96,0
DA:97,0
DA:98,0
DA:99,0
DA:102,1
DA:103,1
DA:104,1
DA:105,1
DA:106,5
DA:107,1
DA:108,1
DA:109,1
DA:110,1
DA:111,1
DA:112,1
DA:113,1
DA:114,1
DA:115,1
DA:119,1
DA:120,1
DA:121,1
DA:122,1
DA:123,1
DA:124,1
DA:125,1
DA:126,1
DA:127,1
DA:128,1
DA:129,1
DA:130,1
DA:131,1
DA:132,1
DA:133,1
DA:134,1
DA:135,1
DA:136,1
DA:137,1
DA:138,1
DA:139,1
DA:140,1
DA:141,1
LF:84
LH:62
end_of_record
SF:lib\data\models\movie_model.dart
DA:5,4
DA:35,4
DA:36,2
DA:37,2
DA:38,8
DA:39,2
DA:40,2
DA:41,2
DA:42,4
DA:43,2
DA:44,2
DA:45,2
DA:46,2
DA:47,4
DA:48,2
DA:51,2
DA:52,1
DA:53,1
DA:54,4
DA:55,1
DA:56,1
DA:57,1
DA:58,1
DA:59,1
DA:60,1
DA:61,1
DA:62,1
DA:63,1
DA:64,1
DA:67,2
DA:68,2
DA:69,2
DA:70,2
DA:71,2
DA:72,2
DA:73,2
DA:74,2
DA:75,2
DA:76,2
DA:77,2
DA:78,2
DA:79,2
DA:80,2
DA:81,2
DA:85,2
DA:86,2
DA:87,2
DA:88,2
DA:89,2
DA:90,2
DA:91,2
DA:92,2
DA:93,2
DA:94,2
DA:95,2
DA:96,2
DA:97,2
DA:98,2
DA:99,2
LF:59
LH:59
end_of_record
SF:lib\data\models\tv\tv_detail_response.dart
DA:12,2
DA:80,0
DA:81,0
DA:83,0
DA:85,1
DA:86,1
DA:87,1
DA:88,1
DA:89,3
DA:90,4
DA:91,2
DA:92,1
DA:93,4
DA:94,1
DA:95,1
DA:96,1
DA:97,4
DA:98,2
DA:100,2
DA:101,1
DA:102,1
DA:104,0
DA:105,1
DA:106,4
DA:107,1
DA:108,1
DA:109,4
DA:110,1
DA:111,1
DA:112,1
DA:113,2
DA:114,1
DA:116,3
DA:118,4
DA:119,1
DA:120,4
DA:121,2
DA:122,3
DA:123,1
DA:124,1
DA:125,1
DA:126,2
DA:127,1
DA:130,0
DA:131,0
DA:132,0
DA:133,0
DA:134,0
DA:136,0
DA:137,0
DA:138,0
DA:139,0
DA:140,0
DA:141,0
DA:143,0
DA:144,0
DA:145,0
DA:146,0
DA:147,0
DA:148,0
DA:149,0
DA:150,0
DA:151,0
DA:152,0
DA:153,0
DA:154,0
DA:155,0
DA:157,0
DA:159,0
DA:160,0
DA:162,0
DA:163,0
DA:164,0
DA:165,0
DA:166,0
DA:167,0
DA:170,1
DA:171,1
DA:172,1
DA:173,5
DA:174,1
DA:175,1
DA:176,1
DA:177,1
DA:178,1
DA:179,1
DA:180,1
DA:181,1
DA:182,5
DA:183,1
DA:184,1
DA:185,1
DA:186,1
DA:187,1
DA:188,1
DA:189,1
DA:190,1
DA:191,1
DA:192,1
DA:193,1
DA:194,1
DA:198,1
DA:199,1
DA:200,1
DA:201,1
DA:202,1
DA:203,1
DA:204,1
DA:205,1
DA:206,1
DA:207,1
DA:208,1
DA:209,1
DA:210,1
DA:211,1
DA:212,1
DA:213,1
DA:214,1
DA:215,1
DA:216,1
DA:217,1
DA:218,1
DA:219,1
DA:220,1
DA:221,1
DA:222,1
DA:223,1
DA:224,1
DA:225,1
DA:226,1
DA:227,1
DA:228,1
DA:229,1
DA:230,1
DA:231,1
LF:135
LH:98
end_of_record
SF:lib\data\models\tv\tv_model.dart
DA:7,4
DA:37,0
DA:39,0
DA:41,4
DA:43,4
DA:45,6
DA:47,4
DA:48,8
DA:49,2
DA:50,2
DA:51,8
DA:52,2
DA:53,2
DA:54,2
DA:55,4
DA:56,2
DA:57,4
DA:58,2
DA:61,2
DA:62,2
DA:64,13
DA:65,4
DA:66,1
DA:67,1
DA:68,4
DA:69,1
DA:70,1
DA:71,1
DA:72,1
DA:73,1
DA:74,1
DA:75,1
DA:78,2
DA:79,2
DA:80,2
DA:81,2
DA:82,2
DA:83,2
DA:84,2
DA:85,2
DA:86,2
DA:87,2
DA:88,2
DA:89,2
DA:90,2
DA:91,2
DA:92,2
DA:96,2
DA:97,2
DA:98,2
DA:99,2
DA:100,2
DA:101,2
DA:102,2
DA:103,2
DA:104,2
DA:105,2
DA:106,2
DA:107,2
DA:108,2
DA:109,2
DA:110,2
LF:62
LH:60
end_of_record
SF:lib\data\models\tv_season\season_detail_response.dart
DA:8,1
DA:28,0
DA:29,0
DA:31,0
DA:33,0
DA:34,0
DA:35,0
DA:36,0
DA:37,0
DA:38,0
DA:39,0
DA:40,0
DA:41,0
DA:42,0
DA:43,0
DA:46,0
DA:47,0
DA:48,0
DA:49,0
DA:50,0
DA:51,0
DA:52,0
DA:53,0
DA:54,0
DA:57,1
DA:58,1
DA:59,1
DA:60,1
DA:61,1
DA:62,1
DA:63,1
DA:64,1
DA:65,1
DA:66,1
DA:70,0
DA:71,0
DA:72,0
DA:73,0
DA:74,0
DA:75,0
DA:76,0
DA:77,0
DA:78,0
DA:79,0
LF:44
LH:11
end_of_record
SF:lib\data\models\tv\tv_response.dart
DA:7,2
DA:19,0
DA:20,0
DA:22,0
DA:24,4
DA:25,2
DA:26,4
DA:27,6
DA:28,6
DA:29,2
DA:30,2
DA:33,2
DA:34,1
DA:35,5
DA:36,1
DA:37,1
DA:40,1
DA:41,1
DA:42,1
DA:43,1
DA:44,1
DA:45,1
LF:22
LH:19
end_of_record
SF:lib\data\models\movie_response.dart
DA:7,2
DA:9,4
DA:10,4
DA:11,6
DA:12,6
DA:15,2
DA:16,5
DA:19,1
DA:20,2
LF:9
LH:9
end_of_record
SF:lib\data\models\genre_model.dart
DA:5,4
DA:13,4
DA:14,2
DA:15,2
DA:18,0
DA:19,0
DA:20,0
DA:23,2
DA:24,6
DA:27,2
DA:28,6
LF:11
LH:8
end_of_record
SF:lib\data\models\tv\last_episode_to_air_model.dart
DA:6,2
DA:34,0
DA:35,0
DA:37,0
DA:39,1
DA:40,1
DA:41,2
DA:42,1
DA:43,1
DA:44,1
DA:45,1
DA:46,1
DA:47,2
DA:48,1
DA:49,1
DA:50,1
DA:51,1
DA:52,1
DA:55,0
DA:57,0
DA:58,0
DA:59,0
DA:60,0
DA:61,0
DA:62,0
DA:63,0
DA:64,0
DA:65,0
DA:66,0
DA:67,0
DA:68,0
DA:71,1
DA:72,1
DA:73,1
DA:74,1
DA:75,1
DA:76,1
DA:77,1
DA:78,1
DA:79,1
DA:80,1
DA:81,1
DA:82,1
LF:43
LH:27
end_of_record
SF:lib\data\models\tv\network_model.dart
DA:6,2
DA:18,0
DA:19,0
DA:21,0
DA:23,2
DA:24,1
DA:25,1
DA:26,1
DA:27,1
DA:30,0
DA:31,0
DA:32,0
DA:33,0
DA:34,0
DA:37,1
DA:38,1
DA:39,1
DA:40,1
DA:41,1
DA:42,1
LF:20
LH:12
end_of_record
SF:lib\data\models\tv\season_model.dart
DA:7,2
DA:25,0
DA:26,0
DA:28,0
DA:30,2
DA:31,3
DA:33,2
DA:34,1
DA:35,1
DA:36,1
DA:37,1
DA:38,1
DA:39,1
DA:42,0
DA:43,0
DA:45,0
DA:46,0
DA:47,0
DA:48,0
DA:49,0
DA:50,0
DA:51,0
DA:54,1
DA:55,1
DA:56,1
DA:57,1
DA:58,1
DA:59,1
DA:60,1
DA:61,1
DA:62,1
DA:66,1
DA:67,1
DA:68,1
DA:69,1
DA:70,1
DA:71,1
DA:73,1
DA:74,1
LF:39
LH:27
end_of_record
SF:lib\data\models\tv\spoken_language_model.dart
DA:6,2
DA:16,0
DA:17,0
DA:19,0
DA:21,1
DA:22,1
DA:23,1
DA:24,1
DA:25,1
DA:28,0
DA:29,0
DA:30,0
DA:31,0
DA:34,1
DA:35,1
DA:36,1
DA:37,1
DA:38,1
LF:18
LH:11
end_of_record
SF:lib\data\repositories\movie_repository_impl.dart
DA:19,1
DA:25,1
DA:27,2
DA:29,2
DA:30,2
DA:31,4
DA:32,5
DA:33,1
DA:34,2
DA:35,0
DA:36,0
DA:40,2
DA:41,5
DA:42,1
DA:43,3
DA:48,1
DA:51,2
DA:52,2
DA:53,1
DA:54,2
DA:55,1
DA:56,2
DA:60,1
DA:63,2
DA:64,3
DA:65,1
DA:66,2
DA:67,1
DA:68,2
DA:72,1
DA:75,2
DA:76,5
DA:77,1
DA:78,2
DA:79,1
DA:80,2
DA:84,1
DA:87,2
DA:88,5
DA:89,1
DA:90,2
DA:91,1
DA:92,2
DA:96,1
DA:99,2
DA:100,5
DA:101,1
DA:102,2
DA:103,1
DA:104,2
DA:108,1
DA:112,3
DA:113,1
DA:114,1
DA:115,3
DA:121,1
DA:125,3
DA:126,1
DA:127,1
DA:128,3
DA:132,1
DA:134,2
DA:138,1
DA:140,2
DA:141,5
DA:144,0
DA:146,0
LF:67
LH:63
end_of_record
SF:lib\data\repositories\tv_repository_impl.dart
DA:18,1
DA:23,1
DA:26,2
DA:27,5
DA:28,1
DA:29,2
DA:30,0
DA:31,0
DA:35,1
DA:38,2
DA:39,5
DA:40,1
DA:41,2
DA:42,1
DA:43,2
DA:47,1
DA:50,2
DA:51,2
DA:52,1
DA:53,2
DA:54,1
DA:55,2
DA:59,1
DA:62,2
DA:63,3
DA:64,1
DA:65,2
DA:66,1
DA:67,2
DA:71,1
DA:74,2
DA:75,5
DA:76,1
DA:77,2
DA:78,1
DA:79,2
DA:83,1
DA:86,2
DA:87,5
DA:88,1
DA:89,2
DA:90,1
DA:91,2
DA:95,1
DA:99,2
DA:100,2
DA:101,1
DA:102,2
DA:103,1
DA:104,2
DA:108,1
DA:111,2
DA:112,5
DA:113,0
DA:114,0
DA:120,1
DA:122,2
DA:126,1
DA:130,3
DA:131,1
DA:132,1
DA:133,3
DA:139,1
DA:143,3
DA:144,1
DA:145,1
DA:146,3
LF:67
LH:63
end_of_record
SF:lib\domain\usecases\get_movie_detail.dart
DA:9,1
DA:11,1
DA:12,2
LF:3
LH:3
end_of_record
SF:lib\domain\usecases\get_movie_recommendations.dart
DA:9,1
DA:11,1
DA:12,2
LF:3
LH:3
end_of_record
SF:lib\domain\usecases\get_now_playing_movies.dart
DA:9,1
DA:11,1
DA:12,2
LF:3
LH:3
end_of_record
SF:lib\domain\usecases\get_popular_movies.dart
DA:9,1
DA:11,1
DA:12,2
LF:3
LH:3
end_of_record
SF:lib\domain\usecases\get_top_rated_movies.dart
DA:9,1
DA:11,1
DA:12,2
LF:3
LH:3
end_of_record
SF:lib\domain\usecases\get_watchlist_movies.dart
DA:9,1
DA:11,1
DA:12,2
LF:3
LH:3
end_of_record
SF:lib\domain\usecases\get_watchlist_status.dart
DA:6,1
DA:8,1
DA:9,2
LF:3
LH:3
end_of_record
SF:lib\domain\usecases\remove_watchlist.dart
DA:9,1
DA:11,1
DA:12,2
LF:3
LH:3
end_of_record
SF:lib\domain\usecases\save_watchlist.dart
DA:9,1
DA:11,1
DA:12,2
LF:3
LH:3
end_of_record
SF:lib\domain\usecases\search_movies.dart
DA:9,1
DA:11,1
DA:12,2
LF:3
LH:3
end_of_record
SF:lib\domain\usecases\tv\get_on_the_air_tv_shows.dart
DA:9,1
DA:11,1
DA:12,2
LF:3
LH:3
end_of_record
SF:lib\domain\usecases\tv\get_popular_tv_shows.dart
DA:9,1
DA:11,1
DA:12,2
LF:3
LH:3
end_of_record
SF:lib\domain\usecases\tv\get_top_rated_tv_shows.dart
DA:9,1
DA:11,1
DA:12,2
LF:3
LH:3
end_of_record
SF:lib\domain\usecases\tv\get_tv_season_detail.dart
DA:9,1
DA:11,1
DA:12,2
LF:3
LH:3
end_of_record
SF:lib\domain\usecases\tv\get_tv_show_detail.dart
DA:9,1
DA:11,1
DA:12,2
LF:3
LH:3
end_of_record
SF:lib\domain\usecases\tv\get_tv_show_recommendations.dart
DA:9,1
DA:11,1
DA:12,2
LF:3
LH:3
end_of_record
SF:lib\domain\usecases\tv\get_watchlist_tv_shows.dart
DA:9,1
DA:11,1
DA:12,2
LF:3
LH:3
end_of_record
SF:lib\domain\usecases\tv\get_watchlist_tv_status.dart
DA:6,1
DA:8,1
DA:9,2
LF:3
LH:3
end_of_record
SF:lib\domain\usecases\tv\remove_watchlist_tv.dart
DA:9,1
DA:11,1
DA:12,2
LF:3
LH:3
end_of_record
SF:lib\domain\usecases\tv\save_watchlist_tv.dart
DA:9,1
DA:11,1
DA:12,2
LF:3
LH:3
end_of_record
SF:lib\domain\usecases\tv\search_tv_shows.dart
DA:9,1
DA:11,1
DA:12,2
LF:3
LH:3
end_of_record
SF:lib\presentation\pages\popular_movies_page.dart
DA:10,1
DA:11,1
DA:15,1
DA:17,1
DA:18,2
DA:19,2
DA:20,1
DA:23,1
DA:25,1
DA:26,1
DA:27,1
DA:29,1
DA:31,1
DA:32,1
DA:33,2
DA:34,1
DA:35,1
DA:37,2
DA:38,1
DA:39,0
DA:40,0
DA:41,0
DA:43,2
DA:46,1
DA:47,1
DA:48,2
LF:26
LH:23
end_of_record
SF:lib\presentation\provider\popular_movies_notifier.dart
DA:9,1
DA:12,2
DA:15,2
DA:18,2
DA:20,1
DA:21,1
DA:22,1
DA:24,2
DA:26,1
DA:27,1
DA:28,2
DA:29,1
DA:30,1
DA:32,1
DA:33,1
DA:34,1
DA:35,1
LF:17
LH:17
end_of_record
SF:lib\presentation\widgets\movie_card_list.dart
DA:10,0
DA:12,0
DA:14,0
DA:16,0
DA:17,0
DA:18,0
DA:21,0
DA:24,0
DA:26,0
DA:27,0
DA:28,0
DA:34,0
DA:36,0
DA:37,0
DA:38,0
DA:41,0
DA:43,0
DA:44,0
DA:45,0
DA:53,0
DA:58,0
DA:59,0
DA:60,0
DA:62,0
DA:63,0
DA:65,0
DA:67,0
LF:27
LH:0
end_of_record
SF:lib\common\constants.dart
DA:15,4
DA:16,2
DA:17,6
DA:19,0
DA:21,0
DA:25,0
DA:26,0
DA:27,0
DA:28,0
DA:29,0
LF:10
LH:3
end_of_record
SF:lib\presentation\pages\movie_detail_page.dart
DA:17,1
DA:19,1
DA:20,1
DA:24,1
DA:26,1
DA:27,2
DA:28,2
DA:29,3
DA:30,2
DA:31,3
DA:35,1
DA:37,1
DA:38,1
DA:39,1
DA:40,2
DA:41,0
DA:42,0
DA:44,2
DA:45,1
DA:46,1
DA:47,1
DA:49,1
DA:50,1
DA:54,0
DA:67,1
DA:69,1
DA:71,3
DA:72,1
DA:73,1
DA:74,1
DA:75,3
DA:77,2
DA:78,1
DA:80,0
DA:82,1
DA:84,1
DA:85,1
DA:86,1
DA:87,1
DA:89,2
DA:96,1
DA:97,1
DA:98,1
DA:100,1
DA:102,1
DA:104,1
DA:105,1
DA:106,2
DA:107,1
DA:109,1
DA:110,1
DA:111,1
DA:112,1
DA:115,2
DA:117,0
DA:120,0
DA:124,1
DA:126,1
DA:128,1
DA:131,1
DA:134,2
DA:135,2
DA:137,1
DA:139,1
DA:140,1
DA:141,1
DA:146,1
DA:148,1
DA:149,1
DA:150,1
DA:151,1
DA:152,1
DA:156,1
DA:157,3
DA:159,1
DA:160,3
DA:162,1
DA:163,1
DA:164,1
DA:165,3
DA:167,2
DA:173,4
DA:176,1
DA:177,1
DA:179,1
DA:181,1
DA:182,2
DA:184,1
DA:185,1
DA:187,1
DA:189,1
DA:190,1
DA:191,1
DA:192,2
DA:194,0
DA:195,0
DA:197,2
DA:199,0
DA:200,2
DA:202,1
DA:204,1
DA:206,0
DA:207,0
DA:208,0
DA:210,0
DA:211,0
DA:212,0
DA:215,0
DA:218,0
DA:219,0
DA:220,0
DA:222,0
DA:224,0
DA:225,0
DA:226,0
DA:228,0
DA:231,0
DA:232,0
DA:238,2
DA:242,0
DA:250,1
DA:252,1
DA:267,1
DA:269,1
DA:272,1
DA:273,1
DA:274,0
DA:275,0
DA:284,1
DA:286,2
DA:287,3
DA:290,1
DA:294,3
DA:297,1
DA:298,1
DA:299,1
DA:301,1
DA:302,1
DA:304,0
LF:139
LH:109
end_of_record
SF:lib\presentation\provider\movie_detail_notifier.dart
DA:22,1
DA:31,2
DA:34,2
DA:37,2
DA:40,2
DA:43,2
DA:46,2
DA:48,1
DA:49,1
DA:50,1
DA:51,2
DA:52,2
DA:53,1
DA:54,1
DA:55,1
DA:56,2
DA:57,1
DA:59,1
DA:60,1
DA:61,1
DA:62,1
DA:63,1
DA:64,1
DA:65,1
DA:66,2
DA:68,1
DA:69,1
DA:70,1
DA:73,1
DA:74,1
DA:80,2
DA:82,1
DA:83,2
DA:85,1
DA:86,1
DA:87,2
DA:89,1
DA:90,1
DA:94,2
DA:97,1
DA:98,2
DA:100,1
DA:101,0
DA:102,0
DA:104,1
DA:105,1
DA:109,2
DA:112,1
DA:113,2
DA:114,1
DA:115,1
LF:51
LH:49
end_of_record
SF:lib\presentation\pages\top_rated_movies_page.dart
DA:10,1
DA:11,1
DA:15,1
DA:17,1
DA:18,2
DA:19,2
DA:20,1
DA:23,1
DA:25,1
DA:26,1
DA:27,1
DA:29,1
DA:31,1
DA:32,1
DA:33,2
DA:34,1
DA:35,1
DA:37,2
DA:38,1
DA:39,0
DA:40,0
DA:41,0
DA:43,2
DA:46,1
DA:47,1
DA:48,2
LF:26
LH:23
end_of_record
SF:lib\presentation\provider\top_rated_movies_notifier.dart
DA:9,1
DA:12,2
DA:15,2
DA:18,2
DA:20,1
DA:21,1
DA:22,1
DA:24,2
DA:26,1
DA:27,1
DA:28,2
DA:29,1
DA:30,1
DA:32,1
DA:33,1
DA:34,1
DA:35,1
LF:17
LH:17
end_of_record
SF:lib\presentation\pages\tv\popular_tv_page.dart
DA:10,2
DA:12,1
DA:13,1
DA:17,1
DA:19,1
DA:20,2
DA:21,2
DA:22,1
DA:25,1
DA:27,1
DA:28,1
DA:29,1
DA:31,1
DA:33,1
DA:34,1
DA:35,1
DA:36,1
DA:37,1
DA:38,1
DA:40,1
DA:41,1
DA:42,0
DA:43,0
DA:44,0
DA:46,2
DA:49,1
DA:50,1
DA:51,2
LF:28
LH:25
end_of_record
SF:lib\presentation\provider\tv\popular_tv_notifier.dart
DA:9,1
DA:12,2
DA:15,2
DA:18,2
DA:20,1
DA:21,1
DA:22,1
DA:24,2
DA:25,1
DA:26,1
DA:27,1
DA:28,2
DA:29,1
DA:31,1
DA:32,1
DA:33,1
DA:34,1
LF:17
LH:17
end_of_record
SF:lib\presentation\widgets\tv_card_list.dart
DA:10,0
DA:12,0
DA:14,0
DA:16,0
DA:17,0
DA:20,0
DA:22,0
DA:24,0
DA:25,0
DA:26,0
DA:32,0
DA:34,0
DA:35,0
DA:36,0
DA:39,0
DA:41,0
DA:42,0
DA:43,0
DA:51,0
DA:56,0
DA:57,0
DA:58,0
DA:59,0
DA:61,0
DA:62,0
DA:63,0
LF:26
LH:0
end_of_record
SF:lib\presentation\pages\tv\tv_detail_page.dart
DA:19,1
DA:21,1
DA:22,1
DA:26,1
DA:28,1
DA:30,2
DA:31,2
DA:32,3
DA:33,2
DA:34,3
DA:38,1
DA:40,1
DA:41,1
DA:42,1
DA:43,1
DA:45,1
DA:46,0
DA:47,0
DA:49,1
DA:50,1
DA:51,1
DA:52,1
DA:53,1
DA:54,1
DA:58,0
DA:71,1
DA:77,1
DA:79,3
DA:80,1
DA:81,1
DA:82,1
DA:83,3
DA:85,1
DA:86,2
DA:87,0
DA:89,1
DA:91,1
DA:93,1
DA:94,1
DA:95,1
DA:98,2
DA:105,1
DA:106,1
DA:107,1
DA:109,1
DA:111,1
DA:113,1
DA:114,1
DA:115,2
DA:116,1
DA:118,1
DA:119,1
DA:120,1
DA:121,1
DA:123,2
DA:125,0
DA:127,0
DA:130,1
DA:133,1
DA:135,1
DA:138,1
DA:141,2
DA:142,2
DA:144,1
DA:146,1
DA:147,2
DA:151,1
DA:153,1
DA:154,1
DA:155,1
DA:156,1
DA:157,1
DA:161,4
DA:162,1
DA:163,1
DA:164,1
DA:165,2
DA:171,3
DA:173,4
DA:176,1
DA:177,1
DA:179,1
DA:181,1
DA:182,5
DA:184,1
DA:185,1
DA:186,4
DA:187,1
DA:189,1
DA:190,4
DA:191,0
DA:192,1
DA:194,1
DA:196,3
DA:197,1
DA:198,3
DA:200,1
DA:202,1
DA:203,0
DA:204,0
DA:207,0
DA:208,0
DA:210,0
DA:213,1
DA:214,1
DA:215,1
DA:217,1
DA:218,0
DA:223,1
DA:225,2
DA:227,1
DA:228,1
DA:230,1
DA:232,0
DA:234,0
DA:242,1
DA:243,1
DA:245,1
DA:247,1
DA:248,3
DA:249,1
DA:250,0
DA:251,0
DA:252,0
DA:253,0
DA:254,0
DA:255,0
DA:257,0
DA:258,0
DA:259,0
DA:260,0
DA:262,0
DA:264,0
DA:265,0
DA:266,0
DA:267,0
DA:270,0
DA:271,0
DA:272,0
DA:275,0
DA:277,0
DA:279,0
DA:280,0
DA:282,0
DA:284,0
DA:286,0
DA:287,0
DA:289,0
DA:291,0
DA:293,0
DA:302,0
DA:310,1
DA:312,1
DA:324,1
DA:326,1
DA:329,1
DA:330,1
DA:331,0
DA:339,1
DA:341,2
DA:342,3
DA:345,1
DA:349,3
LF:163
LH:117
end_of_record
SF:lib\presentation\pages\tv\tv_season_detail_page.dart
DA:19,0
DA:24,0
DA:25,0
DA:29,0
DA:31,0
DA:33,0
DA:34,0
DA:35,0
DA:36,0
DA:37,0
DA:41,0
DA:43,0
DA:44,0
DA:45,0
DA:46,0
DA:48,0
DA:49,0
DA:50,0
DA:52,0
DA:53,0
DA:54,0
DA:55,0
DA:56,0
DA:57,0
DA:58,0
DA:62,0
DA:76,0
DA:83,0
DA:85,0
DA:87,0
DA:88,0
DA:89,0
DA:90,0
DA:91,0
DA:92,0
DA:94,0
DA:95,0
DA:96,0
DA:98,0
DA:100,0
DA:102,0
DA:103,0
DA:104,0
DA:107,0
DA:114,0
DA:115,0
DA:116,0
DA:118,0
DA:120,0
DA:122,0
DA:123,0
DA:124,0
DA:125,0
DA:127,0
DA:128,0
DA:129,0
DA:130,0
DA:133,0
DA:135,0
DA:138,0
DA:142,0
DA:144,0
DA:146,0
DA:149,0
DA:152,0
DA:153,0
DA:155,0
DA:157,0
DA:158,0
DA:162,0
DA:164,0
DA:165,0
DA:166,0
DA:167,0
DA:168,0
DA:172,0
DA:173,0
DA:174,0
DA:175,0
DA:176,0
DA:182,0
DA:184,0
DA:187,0
DA:188,0
DA:190,0
DA:192,0
DA:193,0
DA:194,0
DA:197,0
DA:198,0
DA:199,0
DA:201,0
DA:202,0
DA:204,0
DA:206,0
DA:207,0
DA:209,0
DA:210,0
DA:211,0
DA:212,0
DA:214,0
DA:215,0
DA:216,0
DA:217,0
DA:219,0
DA:221,0
DA:222,0
DA:223,0
DA:225,0
DA:227,0
DA:228,0
DA:229,0
DA:230,0
DA:231,0
DA:233,0
DA:234,0
DA:236,0
DA:237,0
DA:242,0
DA:244,0
DA:246,0
DA:247,0
DA:249,0
DA:251,0
DA:253,0
DA:256,0
DA:259,0
DA:265,0
DA:267,0
DA:271,0
DA:272,0
DA:273,0
DA:287,0
DA:288,0
DA:289,0
DA:290,0
DA:292,0
DA:293,0
DA:294,0
DA:295,0
DA:297,0
DA:299,0
DA:300,0
DA:301,0
DA:303,0
DA:305,0
DA:306,0
DA:307,0
DA:310,0
DA:311,0
DA:313,0
DA:316,0
DA:317,0
DA:318,0
DA:320,0
DA:321,0
DA:326,0
DA:328,0
DA:330,0
DA:331,0
DA:333,0
DA:335,0
DA:337,0
DA:345,0
DA:346,0
DA:348,0
DA:350,0
DA:351,0
DA:352,0
DA:353,0
DA:354,0
DA:355,0
DA:356,0
DA:357,0
DA:358,0
DA:360,0
DA:361,0
DA:362,0
DA:363,0
DA:365,0
DA:367,0
DA:368,0
DA:369,0
DA:370,0
DA:373,0
DA:374,0
DA:375,0
DA:378,0
DA:380,0
DA:382,0
DA:383,0
DA:385,0
DA:387,0
DA:389,0
DA:390,0
DA:392,0
DA:394,0
DA:396,0
DA:405,0
DA:413,0
DA:415,0
DA:427,0
DA:429,0
DA:432,0
DA:433,0
DA:434,0
DA:442,0
DA:444,0
DA:445,0
DA:448,0
DA:452,0
LF:211
LH:0
end_of_record
SF:lib\presentation\provider\tv\tv_detail_notifier.dart
DA:21,1
DA:30,2
DA:33,2
DA:36,2
DA:39,2
DA:42,2
DA:45,2
DA:47,1
DA:48,1
DA:49,1
DA:51,2
DA:52,2
DA:54,1
DA:55,1
DA:56,1
DA:57,2
DA:58,1
DA:60,1
DA:61,1
DA:62,1
DA:63,1
DA:64,1
DA:65,1
DA:66,1
DA:67,2
DA:69,1
DA:70,1
DA:71,1
DA:74,1
DA:75,1
DA:81,2
DA:83,1
DA:84,2
DA:85,1
DA:86,1
DA:89,1
DA:90,2
DA:92,1
DA:93,3
DA:94,2
DA:97,2
DA:100,1
DA:101,2
DA:103,1
DA:104,0
DA:105,2
DA:108,2
LF:47
LH:46
end_of_record
SF:lib\presentation\provider\tv\tv_season_detail_notifier.dart
DA:24,1
DA:34,2
DA:37,0
DA:40,2
DA:43,2
DA:46,2
DA:49,2
DA:52,2
DA:54,1
DA:55,1
DA:56,1
DA:58,2
DA:59,2
DA:60,2
DA:62,1
DA:63,1
DA:64,1
DA:65,2
DA:66,1
DA:68,1
DA:69,1
DA:70,1
DA:71,1
DA:72,1
DA:73,1
DA:74,1
DA:75,2
DA:76,1
DA:78,1
DA:79,1
DA:80,1
DA:81,1
DA:82,1
DA:83,0
DA:84,0
DA:85,0
DA:86,0
DA:88,1
DA:89,1
DA:90,1
DA:91,1
DA:94,1
DA:95,1
DA:98,1
DA:99,1
DA:105,2
DA:108,2
DA:110,1
DA:111,2
DA:112,1
DA:113,1
DA:116,1
DA:117,2
DA:119,1
DA:120,3
DA:121,2
DA:124,2
DA:127,1
DA:128,2
DA:130,1
DA:131,0
DA:132,2
DA:135,2
LF:63
LH:57
end_of_record
SF:lib\presentation\provider\movie_list_notifier.dart
DA:10,2
DA:13,2
DA:16,2
DA:19,2
DA:22,2
DA:25,2
DA:28,2
DA:31,0
DA:33,1
DA:43,1
DA:44,1
DA:45,1
DA:47,2
DA:48,1
DA:49,1
DA:50,1
DA:51,2
DA:52,1
DA:54,1
DA:55,1
DA:56,1
DA:57,1
DA:62,1
DA:63,1
DA:64,1
DA:66,2
DA:67,1
DA:68,1
DA:69,1
DA:70,2
DA:71,1
DA:73,1
DA:74,1
DA:75,1
DA:76,1
DA:81,1
DA:82,1
DA:83,1
DA:85,2
DA:86,1
DA:87,1
DA:88,1
DA:89,2
DA:90,1
DA:92,1
DA:93,1
DA:94,1
DA:95,1
LF:48
LH:47
end_of_record
SF:lib\presentation\pages\tv\top_rated_tv_page.dart
DA:10,2
DA:12,1
DA:13,1
DA:17,1
DA:19,1
DA:20,2
DA:21,2
DA:22,1
DA:25,1
DA:27,1
DA:28,1
DA:29,1
DA:31,1
DA:33,1
DA:34,1
DA:35,1
DA:36,1
DA:37,1
DA:38,1
DA:40,1
DA:41,1
DA:42,0
DA:43,0
DA:44,0
DA:46,2
DA:49,1
DA:50,1
DA:51,2
LF:28
LH:25
end_of_record
SF:lib\presentation\provider\tv\top_rated_tv_notifier.dart
DA:9,1
DA:12,2
DA:15,2
DA:18,2
DA:20,1
DA:21,1
DA:22,1
DA:24,2
DA:25,1
DA:26,1
DA:27,1
DA:28,2
DA:29,1
DA:31,1
DA:32,1
DA:33,1
DA:34,1
LF:17
LH:17
end_of_record
SF:lib\presentation\provider\movie_search_notifier.dart
DA:9,1
DA:12,2
DA:15,2
DA:18,2
DA:20,1
DA:21,1
DA:22,1
DA:24,2
DA:25,1
DA:26,1
DA:27,2
DA:28,1
DA:29,1
DA:31,1
DA:32,1
DA:33,1
DA:34,1
LF:17
LH:17
end_of_record
SF:lib\presentation\provider\tv\tv_list_notifier.dart
DA:10,2
DA:13,2
DA:16,2
DA:19,2
DA:22,2
DA:25,2
DA:28,2
DA:34,1
DA:40,1
DA:41,1
DA:42,1
DA:44,2
DA:45,1
DA:46,1
DA:47,1
DA:48,2
DA:49,1
DA:51,1
DA:52,1
DA:53,1
DA:54,1
DA:59,1
DA:60,1
DA:61,1
DA:63,2
DA:64,1
DA:65,1
DA:66,1
DA:67,2
DA:68,1
DA:70,1
DA:71,1
DA:72,1
DA:73,1
DA:78,1
DA:79,1
DA:80,1
DA:82,2
DA:83,1
DA:84,1
DA:85,1
DA:86,2
DA:87,1
DA:89,1
DA:90,1
DA:91,1
DA:92,1
LF:47
LH:47
end_of_record
SF:lib\presentation\provider\tv\tv_search_notifier.dart
DA:9,1
DA:12,2
DA:15,2
DA:18,2
DA:20,1
DA:21,1
DA:22,1
DA:24,2
DA:25,1
DA:26,1
DA:27,1
DA:28,2
DA:29,1
DA:31,1
DA:32,1
DA:33,1
DA:34,1
LF:17
LH:17
end_of_record
SF:lib\presentation\provider\tv\watchlist_tv_notifier.dart
DA:8,2
DA:11,2
DA:14,2
DA:18,1
DA:20,1
DA:21,1
DA:22,1
DA:24,2
DA:25,1
DA:26,1
DA:27,1
DA:28,2
DA:29,1
DA:31,1
DA:32,1
DA:33,1
DA:34,1
LF:17
LH:17
end_of_record
SF:lib\presentation\provider\watchlist_movie_notifier.dart
DA:8,2
DA:11,2
DA:14,2
DA:16,1
DA:20,1
DA:21,1
DA:22,1
DA:24,2
DA:25,1
DA:26,1
DA:27,1
DA:28,2
DA:29,1
DA:31,1
DA:32,1
DA:33,1
DA:34,1
LF:17
LH:17
end_of_record
